CPU: 1
N: 1
Simulate 100 random mPings in genome without using frequency matrix (only use the matrix to determine strad)
Simulate 100 random mPings in genome using frequency matrix (this will be slower than the above one)
mkdir: cannot create directory 'simulateV2_Random_TSD9mer_somaticMat': File exists
Simulating 1 mPing site
Simulating 2 mPing site
Simulating 3 mPing site
Simulating 4 mPing site
Simulating 5 mPing site
Simulating 6 mPing site
Simulating 7 mPing site
Simulating 8 mPing site
Simulating 9 mPing site
Simulating 10 mPing site
Simulating 11 mPing site
Simulating 12 mPing site
Simulating 13 mPing site
Simulating 14 mPing site
Simulating 15 mPing site
Simulating 16 mPing site
Simulating 17 mPing site
Simulating 18 mPing site
Simulating 19 mPing site
Simulating 20 mPing site
Simulating 21 mPing site
Simulating 22 mPing site
Simulating 23 mPing site
Simulating 24 mPing site
Simulating 25 mPing site
Simulating 26 mPing site
Simulating 27 mPing site
Simulating 28 mPing site
Simulating 29 mPing site
Simulating 30 mPing site
Simulating 31 mPing site
Simulating 32 mPing site
Simulating 33 mPing site
Simulating 34 mPing site
Simulating 35 mPing site
Simulating 36 mPing site
Simulating 37 mPing site
Simulating 38 mPing site
Simulating 39 mPing site
Simulating 40 mPing site
Simulating 41 mPing site
Simulating 42 mPing site
Simulating 43 mPing site
Simulating 44 mPing site
Simulating 45 mPing site
Simulating 46 mPing site
Simulating 47 mPing site
Simulating 48 mPing site
Simulating 49 mPing site
Simulating 50 mPing site
Simulating 51 mPing site
Simulating 52 mPing site
Simulating 53 mPing site
Simulating 54 mPing site
Simulating 55 mPing site
Simulating 56 mPing site
Simulating 57 mPing site
Simulating 58 mPing site
Simulating 59 mPing site
Simulating 60 mPing site
Simulating 61 mPing site
Simulating 62 mPing site
Simulating 63 mPing site
Simulating 64 mPing site
Simulating 65 mPing site
Simulating 66 mPing site
Simulating 67 mPing site
Simulating 68 mPing site
Simulating 69 mPing site
Simulating 70 mPing site
Simulating 71 mPing site
Simulating 72 mPing site
Simulating 73 mPing site
Simulating 74 mPing site
Simulating 75 mPing site
Simulating 76 mPing site
Simulating 77 mPing site
Simulating 78 mPing site
Simulating 79 mPing site
Simulating 80 mPing site
Simulating 81 mPing site
Simulating 82 mPing site
Simulating 83 mPing site
Simulating 84 mPing site
Simulating 85 mPing site
Simulating 86 mPing site
Simulating 87 mPing site
Simulating 88 mPing site
Simulating 89 mPing site
Simulating 90 mPing site
Simulating 91 mPing site
Simulating 92 mPing site
Simulating 93 mPing site
Simulating 94 mPing site
Simulating 95 mPing site
Simulating 96 mPing site
Simulating 97 mPing site
Simulating 98 mPing site
Simulating 99 mPing site
Simulating 100 mPing site
Start: 1589962442
End: 1589962614
Run time: 172
Done
