CPU: 1
N: 1
Simulate 100 random mPings in genome without using frequency matrix (only use the matrix to determine strad)
Simulating 1 mPing site
Simulating 2 mPing site
Simulating 3 mPing site
Simulating 4 mPing site
Simulating 5 mPing site
Simulating 6 mPing site
Simulating 7 mPing site
Simulating 8 mPing site
Simulating 9 mPing site
Simulating 10 mPing site
Simulating 11 mPing site
Simulating 12 mPing site
Simulating 13 mPing site
Simulating 14 mPing site
Simulating 15 mPing site
Simulating 16 mPing site
Simulating 17 mPing site
Simulating 18 mPing site
Simulating 19 mPing site
Simulating 20 mPing site
Simulating 21 mPing site
Simulating 22 mPing site
Simulating 23 mPing site
Simulating 24 mPing site
Simulating 25 mPing site
Simulating 26 mPing site
Simulating 27 mPing site
Simulating 28 mPing site
Simulating 29 mPing site
Simulating 30 mPing site
Simulating 31 mPing site
Simulating 32 mPing site
Simulating 33 mPing site
Simulating 34 mPing site
Simulating 35 mPing site
Simulating 36 mPing site
Simulating 37 mPing site
Simulating 38 mPing site
Simulating 39 mPing site
Simulating 40 mPing site
Simulating 41 mPing site
Simulating 42 mPing site
Simulating 43 mPing site
Simulating 44 mPing site
Simulating 45 mPing site
Simulating 46 mPing site
Simulating 47 mPing site
Simulating 48 mPing site
Simulating 49 mPing site
Simulating 50 mPing site
Simulating 51 mPing site
Simulating 52 mPing site
Simulating 53 mPing site
Simulating 54 mPing site
Simulating 55 mPing site
Simulating 56 mPing site
Simulating 57 mPing site
Simulating 58 mPing site
Simulating 59 mPing site
Simulating 60 mPing site
Simulating 61 mPing site
Simulating 62 mPing site
Simulating 63 mPing site
Simulating 64 mPing site
Simulating 65 mPing site
Simulating 66 mPing site
Simulating 67 mPing site
Simulating 68 mPing site
Simulating 69 mPing site
Simulating 70 mPing site
Simulating 71 mPing site
Simulating 72 mPing site
Simulating 73 mPing site
Simulating 74 mPing site
Simulating 75 mPing site
Simulating 76 mPing site
Simulating 77 mPing site
Simulating 78 mPing site
Simulating 79 mPing site
Simulating 80 mPing site
Simulating 81 mPing site
Simulating 82 mPing site
Simulating 83 mPing site
Simulating 84 mPing site
Simulating 85 mPing site
Simulating 86 mPing site
Simulating 87 mPing site
Simulating 88 mPing site
Simulating 89 mPing site
Simulating 90 mPing site
Simulating 91 mPing site
Simulating 92 mPing site
Simulating 93 mPing site
Simulating 94 mPing site
Simulating 95 mPing site
Simulating 96 mPing site
Simulating 97 mPing site
Simulating 98 mPing site
Simulating 99 mPing site
Simulating 100 mPing site
Simulating 1 mPing site
Simulating 2 mPing site
Simulating 3 mPing site
Simulating 4 mPing site
Simulating 5 mPing site
Simulating 6 mPing site
Simulating 7 mPing site
Simulating 8 mPing site
Simulating 9 mPing site
Simulating 10 mPing site
Simulating 11 mPing site
Simulating 12 mPing site
Simulating 13 mPing site
Simulating 14 mPing site
Simulating 15 mPing site
Simulating 16 mPing site
Simulating 17 mPing site
Simulating 18 mPing site
Simulating 19 mPing site
Simulating 20 mPing site
Simulating 21 mPing site
Simulating 22 mPing site
Simulating 23 mPing site
Simulating 24 mPing site
Simulating 25 mPing site
Simulating 26 mPing site
Simulating 27 mPing site
Simulating 28 mPing site
Simulating 29 mPing site
Simulating 30 mPing site
Simulating 31 mPing site
Simulating 32 mPing site
Simulating 33 mPing site
Simulating 34 mPing site
Simulating 35 mPing site
Simulating 36 mPing site
Simulating 37 mPing site
Simulating 38 mPing site
Simulating 39 mPing site
Simulating 40 mPing site
Simulating 41 mPing site
Simulating 42 mPing site
Simulating 43 mPing site
Simulating 44 mPing site
Simulating 45 mPing site
Simulating 46 mPing site
Simulating 47 mPing site
Simulating 48 mPing site
Simulating 49 mPing site
Simulating 50 mPing site
Simulating 51 mPing site
Simulating 52 mPing site
Simulating 53 mPing site
Simulating 54 mPing site
Simulating 55 mPing site
Simulating 56 mPing site
Simulating 57 mPing site
Simulating 58 mPing site
Simulating 59 mPing site
Simulating 60 mPing site
Simulating 61 mPing site
Simulating 62 mPing site
Simulating 63 mPing site
Simulating 64 mPing site
Simulating 65 mPing site
Simulating 66 mPing site
Simulating 67 mPing site
Simulating 68 mPing site
Simulating 69 mPing site
Simulating 70 mPing site
Simulating 71 mPing site
Simulating 72 mPing site
Simulating 73 mPing site
Simulating 74 mPing site
Simulating 75 mPing site
Simulating 76 mPing site
Simulating 77 mPing site
Simulating 78 mPing site
Simulating 79 mPing site
Simulating 80 mPing site
Simulating 81 mPing site
Simulating 82 mPing site
Simulating 83 mPing site
Simulating 84 mPing site
Simulating 85 mPing site
Simulating 86 mPing site
Simulating 87 mPing site
Simulating 88 mPing site
Simulating 89 mPing site
Simulating 90 mPing site
Simulating 91 mPing site
Simulating 92 mPing site
Simulating 93 mPing site
Simulating 94 mPing site
Simulating 95 mPing site
Simulating 96 mPing site
Simulating 97 mPing site
Simulating 98 mPing site
Simulating 99 mPing site
Simulating 100 mPing site
Simulating 101 mPing site
Simulating 102 mPing site
Simulating 103 mPing site
Simulating 104 mPing site
Simulating 105 mPing site
Simulating 106 mPing site
Simulating 107 mPing site
Simulating 108 mPing site
Simulating 109 mPing site
Simulating 110 mPing site
Simulating 111 mPing site
Simulating 112 mPing site
Simulating 113 mPing site
Simulating 114 mPing site
Simulating 115 mPing site
Simulating 116 mPing site
Simulating 117 mPing site
Simulating 118 mPing site
Simulating 119 mPing site
Simulating 120 mPing site
Simulating 121 mPing site
Simulating 122 mPing site
Simulating 123 mPing site
Simulating 124 mPing site
Simulating 125 mPing site
Simulating 126 mPing site
Simulating 127 mPing site
Simulating 128 mPing site
Simulating 129 mPing site
Simulating 130 mPing site
Simulating 131 mPing site
Simulating 132 mPing site
Simulating 133 mPing site
Simulating 134 mPing site
Simulating 135 mPing site
Simulating 136 mPing site
Simulating 137 mPing site
Simulating 138 mPing site
Simulating 139 mPing site
Simulating 140 mPing site
Simulating 141 mPing site
Simulating 142 mPing site
Simulating 143 mPing site
Simulating 144 mPing site
Simulating 145 mPing site
Simulating 146 mPing site
Simulating 147 mPing site
Simulating 148 mPing site
Simulating 149 mPing site
Simulating 150 mPing site
Simulating 151 mPing site
Simulating 152 mPing site
Simulating 153 mPing site
Simulating 154 mPing site
Simulating 155 mPing site
Simulating 156 mPing site
Simulating 157 mPing site
Simulating 158 mPing site
Simulating 159 mPing site
Simulating 160 mPing site
Simulating 161 mPing site
Simulating 162 mPing site
Simulating 163 mPing site
Simulating 164 mPing site
Simulating 165 mPing site
Simulating 166 mPing site
Simulating 167 mPing site
Simulating 168 mPing site
Simulating 169 mPing site
Simulating 170 mPing site
Simulating 171 mPing site
Simulating 172 mPing site
Simulating 173 mPing site
Simulating 174 mPing site
Simulating 175 mPing site
Simulating 176 mPing site
Simulating 177 mPing site
Simulating 178 mPing site
Simulating 179 mPing site
Simulating 180 mPing site
Simulating 181 mPing site
Simulating 182 mPing site
Simulating 183 mPing site
Simulating 184 mPing site
Simulating 185 mPing site
Simulating 186 mPing site
Simulating 187 mPing site
Simulating 188 mPing site
Simulating 189 mPing site
Simulating 190 mPing site
Simulating 191 mPing site
Simulating 192 mPing site
Simulating 193 mPing site
Simulating 194 mPing site
Simulating 195 mPing site
Simulating 196 mPing site
Simulating 197 mPing site
Simulating 198 mPing site
Simulating 199 mPing site
Simulating 200 mPing site
Simulating 201 mPing site
Simulating 202 mPing site
Simulating 203 mPing site
Simulating 204 mPing site
Simulating 205 mPing site
Simulating 206 mPing site
Simulating 207 mPing site
Simulating 208 mPing site
Simulating 1 mPing site
Simulating 2 mPing site
Simulating 3 mPing site
Simulating 4 mPing site
Simulating 5 mPing site
Simulating 6 mPing site
Simulating 7 mPing site
Simulating 8 mPing site
Simulating 9 mPing site
Simulating 10 mPing site
Simulating 11 mPing site
Simulating 12 mPing site
Simulating 13 mPing site
Simulating 14 mPing site
Simulating 15 mPing site
Simulating 16 mPing site
Simulating 17 mPing site
Simulating 18 mPing site
Simulating 19 mPing site
Simulating 20 mPing site
Simulating 21 mPing site
Simulating 22 mPing site
Simulating 23 mPing site
Simulating 24 mPing site
Simulating 25 mPing site
Simulating 26 mPing site
Simulating 27 mPing site
Simulating 28 mPing site
Simulating 29 mPing site
Simulating 30 mPing site
Simulating 31 mPing site
Simulating 32 mPing site
Simulating 33 mPing site
Simulating 34 mPing site
Simulating 35 mPing site
Simulating 36 mPing site
Simulating 37 mPing site
Simulating 38 mPing site
Simulating 39 mPing site
Simulating 40 mPing site
Simulating 41 mPing site
Simulating 42 mPing site
Simulating 43 mPing site
Simulating 44 mPing site
Simulating 45 mPing site
Simulating 46 mPing site
Simulating 47 mPing site
Simulating 48 mPing site
Simulating 49 mPing site
Simulating 50 mPing site
Simulating 51 mPing site
Simulating 52 mPing site
Simulating 53 mPing site
Simulating 54 mPing site
Simulating 55 mPing site
Simulating 56 mPing site
Simulating 57 mPing site
Simulating 58 mPing site
Simulating 59 mPing site
Simulating 60 mPing site
Simulating 61 mPing site
Simulating 62 mPing site
Simulating 63 mPing site
Simulating 64 mPing site
Simulating 65 mPing site
Simulating 66 mPing site
Simulating 67 mPing site
Simulating 68 mPing site
Simulating 69 mPing site
Simulating 70 mPing site
Simulating 71 mPing site
Simulating 72 mPing site
Simulating 73 mPing site
Simulating 74 mPing site
Simulating 75 mPing site
Simulating 76 mPing site
Simulating 77 mPing site
Simulating 78 mPing site
Simulating 79 mPing site
Simulating 80 mPing site
Simulating 81 mPing site
Simulating 82 mPing site
Simulating 83 mPing site
Simulating 84 mPing site
Simulating 85 mPing site
Simulating 86 mPing site
Simulating 87 mPing site
Simulating 88 mPing site
Simulating 89 mPing site
Simulating 90 mPing site
Simulating 91 mPing site
Simulating 92 mPing site
Simulating 93 mPing site
Simulating 94 mPing site
Simulating 95 mPing site
Simulating 96 mPing site
Simulating 97 mPing site
Simulating 98 mPing site
Simulating 99 mPing site
Simulating 100 mPing site
Simulating 101 mPing site
Simulating 102 mPing site
Simulating 103 mPing site
Simulating 104 mPing site
Simulating 105 mPing site
Simulating 106 mPing site
Simulating 107 mPing site
Simulating 108 mPing site
Simulating 109 mPing site
Simulating 110 mPing site
Simulating 111 mPing site
Simulating 112 mPing site
Simulating 113 mPing site
Simulating 114 mPing site
Simulating 115 mPing site
Simulating 116 mPing site
Simulating 117 mPing site
Simulating 118 mPing site
Simulating 119 mPing site
Simulating 120 mPing site
Simulating 121 mPing site
Simulating 122 mPing site
Simulating 123 mPing site
Simulating 124 mPing site
Simulating 125 mPing site
Simulating 126 mPing site
Simulating 127 mPing site
Simulating 128 mPing site
Simulating 129 mPing site
Simulating 130 mPing site
Simulating 131 mPing site
Simulating 132 mPing site
Simulating 133 mPing site
Simulating 134 mPing site
Simulating 135 mPing site
Simulating 136 mPing site
Simulating 137 mPing site
Simulating 138 mPing site
Simulating 139 mPing site
Simulating 140 mPing site
Simulating 141 mPing site
Simulating 142 mPing site
Simulating 143 mPing site
Simulating 144 mPing site
Simulating 145 mPing site
Simulating 146 mPing site
Simulating 147 mPing site
Simulating 148 mPing site
Simulating 149 mPing site
Simulating 150 mPing site
Simulating 151 mPing site
Simulating 152 mPing site
Simulating 153 mPing site
Simulating 154 mPing site
Simulating 155 mPing site
Simulating 156 mPing site
Simulating 157 mPing site
Simulating 158 mPing site
Simulating 159 mPing site
Simulating 160 mPing site
Simulating 161 mPing site
Simulating 162 mPing site
Simulating 163 mPing site
Simulating 164 mPing site
Simulating 165 mPing site
Simulating 166 mPing site
Simulating 167 mPing site
Simulating 168 mPing site
Simulating 169 mPing site
Simulating 170 mPing site
Simulating 171 mPing site
Simulating 172 mPing site
Simulating 173 mPing site
Simulating 174 mPing site
Simulating 175 mPing site
Simulating 176 mPing site
Simulating 177 mPing site
Simulating 178 mPing site
Simulating 179 mPing site
Simulating 180 mPing site
Simulating 181 mPing site
Simulating 182 mPing site
Simulating 183 mPing site
Simulating 184 mPing site
Simulating 185 mPing site
Simulating 186 mPing site
Simulating 187 mPing site
Simulating 188 mPing site
Simulating 189 mPing site
Simulating 190 mPing site
Simulating 191 mPing site
Simulating 192 mPing site
Simulating 193 mPing site
Simulating 194 mPing site
Simulating 195 mPing site
Simulating 196 mPing site
Simulating 197 mPing site
Simulating 198 mPing site
Simulating 199 mPing site
Simulating 200 mPing site
Simulating 201 mPing site
Simulating 202 mPing site
Simulating 203 mPing site
Simulating 204 mPing site
Simulating 205 mPing site
Simulating 206 mPing site
Simulating 207 mPing site
Simulating 208 mPing site
Simulating 209 mPing site
Simulating 210 mPing site
Simulating 211 mPing site
Simulating 212 mPing site
Simulating 213 mPing site
Simulating 214 mPing site
Simulating 215 mPing site
Simulating 216 mPing site
Simulating 217 mPing site
Simulating 218 mPing site
Simulating 219 mPing site
Simulating 220 mPing site
Simulating 221 mPing site
Simulating 222 mPing site
Simulating 223 mPing site
Simulating 224 mPing site
Simulating 225 mPing site
Simulating 226 mPing site
Simulating 227 mPing site
Simulating 228 mPing site
Simulating 229 mPing site
Simulating 230 mPing site
Simulating 231 mPing site
Simulating 232 mPing site
Simulating 233 mPing site
Simulating 234 mPing site
Simulating 235 mPing site
Simulating 236 mPing site
Simulating 237 mPing site
Simulating 238 mPing site
Simulating 239 mPing site
Simulating 240 mPing site
Simulating 241 mPing site
Simulating 242 mPing site
Simulating 243 mPing site
Simulating 244 mPing site
Simulating 245 mPing site
Simulating 246 mPing site
Simulating 247 mPing site
Simulating 248 mPing site
Simulating 249 mPing site
Simulating 250 mPing site
Simulating 251 mPing site
Simulating 252 mPing site
Simulating 253 mPing site
Simulating 254 mPing site
Simulating 255 mPing site
Simulating 256 mPing site
Simulating 257 mPing site
Simulating 258 mPing site
Simulating 259 mPing site
Simulating 260 mPing site
Simulating 261 mPing site
Simulating 262 mPing site
Simulating 263 mPing site
Simulating 264 mPing site
Simulating 265 mPing site
Simulating 266 mPing site
Simulating 267 mPing site
Simulating 268 mPing site
Simulating 269 mPing site
Simulating 270 mPing site
Simulating 271 mPing site
Simulating 272 mPing site
Simulating 273 mPing site
Simulating 274 mPing site
Simulating 275 mPing site
Simulating 276 mPing site
Simulating 277 mPing site
Simulating 278 mPing site
Simulating 279 mPing site
Simulating 280 mPing site
Simulating 281 mPing site
Simulating 282 mPing site
Simulating 283 mPing site
Simulating 284 mPing site
Simulating 285 mPing site
Simulating 286 mPing site
Simulating 287 mPing site
Simulating 288 mPing site
Simulating 289 mPing site
Simulating 290 mPing site
Simulating 291 mPing site
Simulating 292 mPing site
Simulating 293 mPing site
Simulating 294 mPing site
Simulating 295 mPing site
Simulating 296 mPing site
Simulating 297 mPing site
Simulating 298 mPing site
Simulating 299 mPing site
Simulating 300 mPing site
Simulating 301 mPing site
Simulating 302 mPing site
Simulating 303 mPing site
Simulating 304 mPing site
Simulating 305 mPing site
Simulating 306 mPing site
Simulating 307 mPing site
Simulating 308 mPing site
Simulating 309 mPing site
Simulating 310 mPing site
Simulating 1 mPing site
Simulating 2 mPing site
Simulating 3 mPing site
Simulating 4 mPing site
Simulating 5 mPing site
Simulating 6 mPing site
Simulating 7 mPing site
Simulating 8 mPing site
Simulating 9 mPing site
Simulating 10 mPing site
Simulating 11 mPing site
Simulating 12 mPing site
Simulating 13 mPing site
Simulating 14 mPing site
Simulating 15 mPing site
Simulating 16 mPing site
Simulating 17 mPing site
Simulating 18 mPing site
Simulating 19 mPing site
Simulating 20 mPing site
Simulating 21 mPing site
Simulating 22 mPing site
Simulating 23 mPing site
Simulating 24 mPing site
Simulating 25 mPing site
Simulating 26 mPing site
Simulating 27 mPing site
Simulating 28 mPing site
Simulating 29 mPing site
Simulating 30 mPing site
Simulating 31 mPing site
Simulating 32 mPing site
Simulating 33 mPing site
Simulating 34 mPing site
Simulating 35 mPing site
Simulating 36 mPing site
Simulating 37 mPing site
Simulating 38 mPing site
Simulating 39 mPing site
Simulating 40 mPing site
Simulating 41 mPing site
Simulating 42 mPing site
Simulating 43 mPing site
Simulating 44 mPing site
Simulating 45 mPing site
Simulating 46 mPing site
Simulating 47 mPing site
Simulating 48 mPing site
Simulating 49 mPing site
Simulating 50 mPing site
Simulating 51 mPing site
Simulating 52 mPing site
Simulating 53 mPing site
Simulating 54 mPing site
Simulating 55 mPing site
Simulating 56 mPing site
Simulating 57 mPing site
Simulating 58 mPing site
Simulating 59 mPing site
Simulating 60 mPing site
Simulating 61 mPing site
Simulating 62 mPing site
Simulating 63 mPing site
Simulating 64 mPing site
Simulating 65 mPing site
Simulating 66 mPing site
Simulating 67 mPing site
Simulating 68 mPing site
Simulating 69 mPing site
Simulating 70 mPing site
Simulating 71 mPing site
Simulating 72 mPing site
Simulating 73 mPing site
Simulating 74 mPing site
Simulating 75 mPing site
Simulating 76 mPing site
Simulating 77 mPing site
Simulating 78 mPing site
Simulating 79 mPing site
Simulating 80 mPing site
Simulating 81 mPing site
Simulating 82 mPing site
Simulating 83 mPing site
Simulating 84 mPing site
Simulating 85 mPing site
Simulating 86 mPing site
Simulating 87 mPing site
Simulating 88 mPing site
Simulating 89 mPing site
Simulating 90 mPing site
Simulating 91 mPing site
Simulating 92 mPing site
Simulating 93 mPing site
Simulating 94 mPing site
Simulating 95 mPing site
Simulating 96 mPing site
Simulating 97 mPing site
Simulating 98 mPing site
Simulating 99 mPing site
Simulating 100 mPing site
Simulating 101 mPing site
Simulating 102 mPing site
Simulating 103 mPing site
Simulating 104 mPing site
Simulating 105 mPing site
Simulating 106 mPing site
Simulating 107 mPing site
Simulating 108 mPing site
Simulating 109 mPing site
Simulating 110 mPing site
Simulating 111 mPing site
Simulating 112 mPing site
Simulating 113 mPing site
Simulating 114 mPing site
Simulating 115 mPing site
Simulating 116 mPing site
Simulating 117 mPing site
Simulating 118 mPing site
Simulating 119 mPing site
Simulating 120 mPing site
Simulating 121 mPing site
Simulating 122 mPing site
Simulating 123 mPing site
Simulating 124 mPing site
Simulating 125 mPing site
Simulating 126 mPing site
Simulating 127 mPing site
Simulating 128 mPing site
Simulating 129 mPing site
Simulating 130 mPing site
Simulating 131 mPing site
Simulating 132 mPing site
Simulating 133 mPing site
Simulating 134 mPing site
Simulating 135 mPing site
Simulating 136 mPing site
Simulating 137 mPing site
Simulating 138 mPing site
Simulating 139 mPing site
Simulating 140 mPing site
Simulating 141 mPing site
Simulating 142 mPing site
Simulating 143 mPing site
Simulating 144 mPing site
Simulating 145 mPing site
Simulating 146 mPing site
Simulating 147 mPing site
Simulating 148 mPing site
Simulating 149 mPing site
Simulating 150 mPing site
Simulating 151 mPing site
Simulating 152 mPing site
Simulating 153 mPing site
Simulating 154 mPing site
Simulating 155 mPing site
Simulating 156 mPing site
Simulating 157 mPing site
Simulating 158 mPing site
Simulating 159 mPing site
Simulating 160 mPing site
Simulating 161 mPing site
Simulating 162 mPing site
Simulating 163 mPing site
Simulating 164 mPing site
Simulating 165 mPing site
Simulating 1 mPing site
Simulating 2 mPing site
Simulating 3 mPing site
Simulating 4 mPing site
Simulating 5 mPing site
Simulating 6 mPing site
Simulating 7 mPing site
Simulating 8 mPing site
Simulating 9 mPing site
Simulating 10 mPing site
Simulating 11 mPing site
Simulating 12 mPing site
Simulating 13 mPing site
Simulating 14 mPing site
Simulating 15 mPing site
Simulating 16 mPing site
Simulating 17 mPing site
Simulating 18 mPing site
Simulating 19 mPing site
Simulating 20 mPing site
Simulating 21 mPing site
Simulating 22 mPing site
Simulating 23 mPing site
Simulating 24 mPing site
Simulating 25 mPing site
Simulating 26 mPing site
Simulating 27 mPing site
Simulating 28 mPing site
Simulating 29 mPing site
Simulating 30 mPing site
Simulating 31 mPing site
Simulating 32 mPing site
Simulating 33 mPing site
Simulating 34 mPing site
Simulating 35 mPing site
Simulating 36 mPing site
Simulating 37 mPing site
Simulating 38 mPing site
Simulating 39 mPing site
Simulating 40 mPing site
Simulating 41 mPing site
Simulating 42 mPing site
Simulating 43 mPing site
Simulating 44 mPing site
Simulating 45 mPing site
Simulating 46 mPing site
Simulating 47 mPing site
Simulating 48 mPing site
Simulating 49 mPing site
Simulating 50 mPing site
Simulating 51 mPing site
Simulating 52 mPing site
Simulating 53 mPing site
Simulating 54 mPing site
Simulating 55 mPing site
Simulating 56 mPing site
Simulating 57 mPing site
Simulating 58 mPing site
Simulating 59 mPing site
Simulating 60 mPing site
Simulating 61 mPing site
Simulating 62 mPing site
Simulating 63 mPing site
Simulating 64 mPing site
Simulating 65 mPing site
Simulating 66 mPing site
Simulating 67 mPing site
Simulating 68 mPing site
Simulating 69 mPing site
Simulating 70 mPing site
Simulating 71 mPing site
Simulating 72 mPing site
Simulating 73 mPing site
Simulating 74 mPing site
Simulating 75 mPing site
Simulating 76 mPing site
Simulating 77 mPing site
Simulating 78 mPing site
Simulating 79 mPing site
Simulating 80 mPing site
Simulating 81 mPing site
Simulating 82 mPing site
Simulating 83 mPing site
Simulating 84 mPing site
Simulating 85 mPing site
Simulating 86 mPing site
Simulating 87 mPing site
Simulating 88 mPing site
Simulating 89 mPing site
Simulating 90 mPing site
Simulating 91 mPing site
Simulating 92 mPing site
Simulating 93 mPing site
Simulating 94 mPing site
Simulating 95 mPing site
Simulating 96 mPing site
Simulating 97 mPing site
Simulating 98 mPing site
Simulating 99 mPing site
Simulate 100 random mPings in genome using frequency matrix (this will be slower than the above one)
mkdir: cannot create directory 'simulateV2_Random_TSD9mer_somaticMat_wfm': File exists
Simulating 1 mPing site
Simulating 2 mPing site
Simulating 3 mPing site
Simulating 4 mPing site
Simulating 5 mPing site
Simulating 6 mPing site
Simulating 7 mPing site
Simulating 8 mPing site
Simulating 9 mPing site
Simulating 10 mPing site
Simulating 11 mPing site
Simulating 12 mPing site
Simulating 13 mPing site
Simulating 14 mPing site
Simulating 15 mPing site
Simulating 16 mPing site
Simulating 17 mPing site
Simulating 18 mPing site
Simulating 19 mPing site
Simulating 20 mPing site
Simulating 21 mPing site
Simulating 22 mPing site
Simulating 23 mPing site
Simulating 24 mPing site
Simulating 25 mPing site
Simulating 26 mPing site
Simulating 27 mPing site
Simulating 28 mPing site
Simulating 29 mPing site
Simulating 30 mPing site
Simulating 31 mPing site
Simulating 32 mPing site
Simulating 33 mPing site
Simulating 34 mPing site
Simulating 35 mPing site
Simulating 36 mPing site
Simulating 37 mPing site
Simulating 38 mPing site
Simulating 39 mPing site
Simulating 40 mPing site
Simulating 41 mPing site
Simulating 42 mPing site
Simulating 43 mPing site
Simulating 44 mPing site
Simulating 45 mPing site
Simulating 46 mPing site
Simulating 47 mPing site
Simulating 48 mPing site
Simulating 49 mPing site
Simulating 50 mPing site
Simulating 51 mPing site
Simulating 52 mPing site
Simulating 53 mPing site
Simulating 54 mPing site
Simulating 55 mPing site
Simulating 56 mPing site
Simulating 57 mPing site
Simulating 58 mPing site
Simulating 59 mPing site
Simulating 60 mPing site
Simulating 61 mPing site
Simulating 62 mPing site
Simulating 63 mPing site
Simulating 64 mPing site
Simulating 65 mPing site
Simulating 66 mPing site
Simulating 67 mPing site
Simulating 68 mPing site
Simulating 69 mPing site
Simulating 70 mPing site
Simulating 71 mPing site
Simulating 72 mPing site
Simulating 73 mPing site
Simulating 74 mPing site
Simulating 75 mPing site
Simulating 76 mPing site
Simulating 77 mPing site
Simulating 78 mPing site
Simulating 79 mPing site
Simulating 80 mPing site
Simulating 81 mPing site
Simulating 82 mPing site
Simulating 83 mPing site
Simulating 84 mPing site
Simulating 85 mPing site
Simulating 86 mPing site
Simulating 87 mPing site
Simulating 88 mPing site
Simulating 89 mPing site
Simulating 90 mPing site
Simulating 91 mPing site
Simulating 92 mPing site
Simulating 93 mPing site
Simulating 94 mPing site
Simulating 95 mPing site
Simulating 96 mPing site
Simulating 97 mPing site
Simulating 98 mPing site
Simulating 99 mPing site
Simulating 100 mPing site
Start: 1590189773
End: 1590189976
Run time: 203
Done
